2025-08-06 17:36:59,425 INFO cometbft_height_exporter Loaded config: {'chains': {'cosmoshub-4': {'cname': 'cosmoshub', 'interval': 5, 'use_chain_registry': True, 'max_registry_rpcs': 5, 'endpoints': [{'url': 'https://cosmos-rpc.polkachu.com', 'interval': 1}, {'url': 'https://rpc.lavenderfive.com:443/cosmoshub', 'interval': 2}, {'url': 'https://cosmos-rpc.quickapi.com:443', 'interval': 1}]}}, 'interval': 5, 'aggregation': 'max', 'log_format': 'text', 'log_level': 'INFO', 'registry': {'update_interval': 3600, 'health_check_timeout': 3, 'min_healthy_threshold': 2}}
2025-08-06 17:36:59,526 INFO cometbft_height_exporter Exporter running on :8000/metrics
2025-08-06 17:36:59,528 INFO cometbft_height_exporter Health endpoint running on :8001/healthz
2025-08-06 17:36:59,565 INFO cometbft_height_exporter Found chain registry data: cosmoshub -> cosmoshub/chain.json
2025-08-06 17:37:24,105 INFO cometbft_height_exporter Chain registry RPCs for cosmoshub-4: 25/40 healthy
2025-08-06 17:37:24,105 INFO cometbft_height_exporter Added 5 registry endpoints for cosmoshub-4
2025-08-06 17:37:24,105 INFO cometbft_height_exporter Starting 8 pollers for chain cosmoshub-4
2025-08-06 17:37:24,107 WARNING cometbft_height_exporter Chain cosmoshub-4 has only 0/8 healthy endpoints (minimum: 3). Consider adding more RPC servers.
2025-08-06 17:37:24,107 INFO cometbft_height_exporter Started endpoint manager for 1 chains
2025-08-06 17:37:24,107 INFO cometbft_height_exporter Endpoint manager started successfully
2025-08-06 17:37:31,412 WARNING cometbft_height_exporter Failed to fetch status from https://go.getblock.io/17515cb3ec0e43b7817f182e5de6066a/status: 429 Client Error: Too Many Requests for url: https://go.getblock.io/17515cb3ec0e43b7817f182e5de6066a/status
2025-08-06 17:37:31,413 WARNING cometbft_height_exporter Failed to poll https://go.getblock.io/17515cb3ec0e43b7817f182e5de6066a: 429 Client Error: Too Many Requests for url: https://go.getblock.io/17515cb3ec0e43b7817f182e5de6066a/status
2025-08-06 17:37:36,698 WARNING cometbft_height_exporter Failed to fetch status from https://go.getblock.io/17515cb3ec0e43b7817f182e5de6066a/status: 429 Client Error: Too Many Requests for url: https://go.getblock.io/17515cb3ec0e43b7817f182e5de6066a/status
2025-08-06 17:37:36,699 WARNING cometbft_height_exporter Failed to poll https://go.getblock.io/17515cb3ec0e43b7817f182e5de6066a: 429 Client Error: Too Many Requests for url: https://go.getblock.io/17515cb3ec0e43b7817f182e5de6066a/status
2025-08-06 17:37:41,992 WARNING cometbft_height_exporter Failed to fetch status from https://go.getblock.io/17515cb3ec0e43b7817f182e5de6066a/status: 429 Client Error: Too Many Requests for url: https://go.getblock.io/17515cb3ec0e43b7817f182e5de6066a/status
2025-08-06 17:37:41,993 WARNING cometbft_height_exporter Pausing registry endpoint https://go.getblock.io/17515cb3ec0e43b7817f182e5de6066a for 3min due to rate limiting (429 errors). Stats: 429s=3, errors=0
2025-08-06 17:38:33,305 WARNING cometbft_height_exporter Failed to fetch status from https://rpc.lavenderfive.com:443/cosmoshub/status: 429 Client Error: Too Many Requests for url: https://rpc.lavenderfive.com:443/cosmoshub/status
2025-08-06 17:38:33,305 WARNING cometbft_height_exporter Failed to poll https://rpc.lavenderfive.com:443/cosmoshub: 429 Client Error: Too Many Requests for url: https://rpc.lavenderfive.com:443/cosmoshub/status
2025-08-06 17:38:34,911 WARNING cometbft_height_exporter Failed to fetch status from https://rpc.lavenderfive.com:443/cosmoshub/status: 429 Client Error: Too Many Requests for url: https://rpc.lavenderfive.com:443/cosmoshub/status
2025-08-06 17:38:34,911 WARNING cometbft_height_exporter Failed to poll https://rpc.lavenderfive.com:443/cosmoshub: 429 Client Error: Too Many Requests for url: https://rpc.lavenderfive.com:443/cosmoshub/status
2025-08-06 17:38:37,262 WARNING cometbft_height_exporter Failed to fetch status from https://rpc.lavenderfive.com:443/cosmoshub/status: 429 Client Error: Too Many Requests for url: https://rpc.lavenderfive.com:443/cosmoshub/status
2025-08-06 17:38:37,263 WARNING cometbft_height_exporter Failed to poll https://rpc.lavenderfive.com:443/cosmoshub: 429 Client Error: Too Many Requests for url: https://rpc.lavenderfive.com:443/cosmoshub/status
2025-08-06 17:38:38,664 WARNING cometbft_height_exporter Failed to fetch status from https://rpc.lavenderfive.com:443/cosmoshub/status: 429 Client Error: Too Many Requests for url: https://rpc.lavenderfive.com:443/cosmoshub/status
2025-08-06 17:38:38,665 WARNING cometbft_height_exporter Failed to poll https://rpc.lavenderfive.com:443/cosmoshub: 429 Client Error: Too Many Requests for url: https://rpc.lavenderfive.com:443/cosmoshub/status
2025-08-06 17:38:39,389 WARNING cometbft_height_exporter Failed to fetch status from https://rpc.lavenderfive.com:443/cosmoshub/status: 429 Client Error: Too Many Requests for url: https://rpc.lavenderfive.com:443/cosmoshub/status
2025-08-06 17:38:39,390 WARNING cometbft_height_exporter Failed to poll https://rpc.lavenderfive.com:443/cosmoshub: 429 Client Error: Too Many Requests for url: https://rpc.lavenderfive.com:443/cosmoshub/status
2025-08-06 17:38:41,718 WARNING cometbft_height_exporter Failed to fetch status from https://rpc.lavenderfive.com:443/cosmoshub/status: 429 Client Error: Too Many Requests for url: https://rpc.lavenderfive.com:443/cosmoshub/status
2025-08-06 17:38:43,958 WARNING cometbft_height_exporter Failed to fetch status from https://rpc.lavenderfive.com:443/cosmoshub/status: 429 Client Error: Too Many Requests for url: https://rpc.lavenderfive.com:443/cosmoshub/status
2025-08-06 17:38:43,959 WARNING cometbft_height_exporter Pausing registry endpoint https://rpc.lavenderfive.com:443/cosmoshub for 3min due to rate limiting (429 errors). Stats: 429s=3, errors=0
2025-08-06 17:38:44,062 WARNING cometbft_height_exporter Failed to fetch status from https://rpc.lavenderfive.com:443/cosmoshub/status: 429 Client Error: Too Many Requests for url: https://rpc.lavenderfive.com:443/cosmoshub/status
2025-08-06 17:38:46,361 WARNING cometbft_height_exporter Failed to fetch status from https://rpc.lavenderfive.com:443/cosmoshub/status: 429 Client Error: Too Many Requests for url: https://rpc.lavenderfive.com:443/cosmoshub/status
2025-08-06 17:38:48,508 WARNING cometbft_height_exporter Failed to fetch status from https://rpc.lavenderfive.com:443/cosmoshub/status: 429 Client Error: Too Many Requests for url: https://rpc.lavenderfive.com:443/cosmoshub/status
2025-08-06 17:38:50,821 WARNING cometbft_height_exporter Failed to fetch status from https://rpc.lavenderfive.com:443/cosmoshub/status: 429 Client Error: Too Many Requests for url: https://rpc.lavenderfive.com:443/cosmoshub/status
2025-08-06 17:38:53,114 WARNING cometbft_height_exporter Failed to fetch status from https://rpc.lavenderfive.com:443/cosmoshub/status: 429 Client Error: Too Many Requests for url: https://rpc.lavenderfive.com:443/cosmoshub/status
2025-08-06 17:38:55,471 WARNING cometbft_height_exporter Failed to fetch status from https://rpc.lavenderfive.com:443/cosmoshub/status: 429 Client Error: Too Many Requests for url: https://rpc.lavenderfive.com:443/cosmoshub/status
2025-08-06 17:38:55,471 WARNING cometbft_height_exporter Pausing manual endpoint https://rpc.lavenderfive.com:443/cosmoshub for 5min due to rate limiting (429 errors). Stats: 429s=10, errors=0
2025-08-06 17:40:47,018 INFO cometbft_height_exporter Resuming polling for https://go.getblock.io/17515cb3ec0e43b7817f182e5de6066a after cooldown period
2025-08-06 17:40:47,465 WARNING cometbft_height_exporter Failed to fetch status from https://go.getblock.io/17515cb3ec0e43b7817f182e5de6066a/status: 429 Client Error: Too Many Requests for url: https://go.getblock.io/17515cb3ec0e43b7817f182e5de6066a/status
2025-08-06 17:40:47,466 WARNING cometbft_height_exporter Failed to poll https://go.getblock.io/17515cb3ec0e43b7817f182e5de6066a: 429 Client Error: Too Many Requests for url: https://go.getblock.io/17515cb3ec0e43b7817f182e5de6066a/status
2025-08-06 17:40:52,870 WARNING cometbft_height_exporter Failed to fetch status from https://go.getblock.io/17515cb3ec0e43b7817f182e5de6066a/status: 429 Client Error: Too Many Requests for url: https://go.getblock.io/17515cb3ec0e43b7817f182e5de6066a/status
2025-08-06 17:40:52,871 WARNING cometbft_height_exporter Failed to poll https://go.getblock.io/17515cb3ec0e43b7817f182e5de6066a: 429 Client Error: Too Many Requests for url: https://go.getblock.io/17515cb3ec0e43b7817f182e5de6066a/status
2025-08-06 17:41:09,042 WARNING cometbft_height_exporter Failed to fetch status from https://go.getblock.io/17515cb3ec0e43b7817f182e5de6066a/status: 429 Client Error: Too Many Requests for url: https://go.getblock.io/17515cb3ec0e43b7817f182e5de6066a/status
2025-08-06 17:41:09,043 WARNING cometbft_height_exporter Failed to poll https://go.getblock.io/17515cb3ec0e43b7817f182e5de6066a: 429 Client Error: Too Many Requests for url: https://go.getblock.io/17515cb3ec0e43b7817f182e5de6066a/status
2025-08-06 17:41:25,469 WARNING cometbft_height_exporter Failed to fetch status from https://go.getblock.io/17515cb3ec0e43b7817f182e5de6066a/status: 429 Client Error: Too Many Requests for url: https://go.getblock.io/17515cb3ec0e43b7817f182e5de6066a/status
2025-08-06 17:41:25,469 WARNING cometbft_height_exporter Failed to poll https://go.getblock.io/17515cb3ec0e43b7817f182e5de6066a: 429 Client Error: Too Many Requests for url: https://go.getblock.io/17515cb3ec0e43b7817f182e5de6066a/status
2025-08-06 17:41:30,837 WARNING cometbft_height_exporter Failed to fetch status from https://go.getblock.io/17515cb3ec0e43b7817f182e5de6066a/status: 429 Client Error: Too Many Requests for url: https://go.getblock.io/17515cb3ec0e43b7817f182e5de6066a/status
2025-08-06 17:41:30,838 WARNING cometbft_height_exporter Failed to poll https://go.getblock.io/17515cb3ec0e43b7817f182e5de6066a: 429 Client Error: Too Many Requests for url: https://go.getblock.io/17515cb3ec0e43b7817f182e5de6066a/status
2025-08-06 17:41:36,314 WARNING cometbft_height_exporter Failed to fetch status from https://go.getblock.io/17515cb3ec0e43b7817f182e5de6066a/status: 429 Client Error: Too Many Requests for url: https://go.getblock.io/17515cb3ec0e43b7817f182e5de6066a/status
2025-08-06 17:41:36,314 WARNING cometbft_height_exporter Pausing registry endpoint https://go.getblock.io/17515cb3ec0e43b7817f182e5de6066a for 3min due to rate limiting (429 errors). Stats: 429s=9, errors=0
2025-08-06 17:41:48,976 INFO cometbft_height_exporter Resuming polling for https://rpc.lavenderfive.com:443/cosmoshub after cooldown period
2025-08-06 17:43:57,512 INFO cometbft_height_exporter Resuming polling for https://rpc.lavenderfive.com:443/cosmoshub after cooldown period
2025-08-06 17:44:41,334 INFO cometbft_height_exporter Resuming polling for https://go.getblock.io/17515cb3ec0e43b7817f182e5de6066a after cooldown period
2025-08-06 17:44:41,894 WARNING cometbft_height_exporter Failed to fetch status from https://rpc.lavenderfive.com:443/cosmoshub/status: 429 Client Error: Too Many Requests for url: https://rpc.lavenderfive.com:443/cosmoshub/status
2025-08-06 17:44:41,895 WARNING cometbft_height_exporter Failed to poll https://rpc.lavenderfive.com:443/cosmoshub: 429 Client Error: Too Many Requests for url: https://rpc.lavenderfive.com:443/cosmoshub/status
2025-08-06 17:44:44,262 WARNING cometbft_height_exporter Failed to fetch status from https://rpc.lavenderfive.com:443/cosmoshub/status: 429 Client Error: Too Many Requests for url: https://rpc.lavenderfive.com:443/cosmoshub/status
2025-08-06 17:44:44,263 WARNING cometbft_height_exporter Failed to poll https://rpc.lavenderfive.com:443/cosmoshub: 429 Client Error: Too Many Requests for url: https://rpc.lavenderfive.com:443/cosmoshub/status
2025-08-06 17:44:44,374 WARNING cometbft_height_exporter Failed to fetch status from https://rpc.lavenderfive.com:443/cosmoshub/status: 429 Client Error: Too Many Requests for url: https://rpc.lavenderfive.com:443/cosmoshub/status
2025-08-06 17:44:44,374 WARNING cometbft_height_exporter Failed to poll https://rpc.lavenderfive.com:443/cosmoshub: 429 Client Error: Too Many Requests for url: https://rpc.lavenderfive.com:443/cosmoshub/status
2025-08-06 17:44:46,700 WARNING cometbft_height_exporter Failed to fetch status from https://rpc.lavenderfive.com:443/cosmoshub/status: 429 Client Error: Too Many Requests for url: https://rpc.lavenderfive.com:443/cosmoshub/status
2025-08-06 17:44:46,701 WARNING cometbft_height_exporter Failed to poll https://rpc.lavenderfive.com:443/cosmoshub: 429 Client Error: Too Many Requests for url: https://rpc.lavenderfive.com:443/cosmoshub/status
2025-08-06 17:44:49,012 WARNING cometbft_height_exporter Failed to fetch status from https://rpc.lavenderfive.com:443/cosmoshub/status: 429 Client Error: Too Many Requests for url: https://rpc.lavenderfive.com:443/cosmoshub/status
2025-08-06 17:44:49,710 WARNING cometbft_height_exporter Failed to fetch status from https://rpc.lavenderfive.com:443/cosmoshub/status: 429 Client Error: Too Many Requests for url: https://rpc.lavenderfive.com:443/cosmoshub/status
2025-08-06 17:44:49,710 WARNING cometbft_height_exporter Failed to poll https://rpc.lavenderfive.com:443/cosmoshub: 429 Client Error: Too Many Requests for url: https://rpc.lavenderfive.com:443/cosmoshub/status
2025-08-06 17:44:51,322 WARNING cometbft_height_exporter Failed to fetch status from https://rpc.lavenderfive.com:443/cosmoshub/status: 429 Client Error: Too Many Requests for url: https://rpc.lavenderfive.com:443/cosmoshub/status
2025-08-06 17:44:52,817 WARNING cometbft_height_exporter Failed to fetch status from https://go.getblock.io/17515cb3ec0e43b7817f182e5de6066a/status: 429 Client Error: Too Many Requests for url: https://go.getblock.io/17515cb3ec0e43b7817f182e5de6066a/status
2025-08-06 17:44:52,817 WARNING cometbft_height_exporter Failed to poll https://go.getblock.io/17515cb3ec0e43b7817f182e5de6066a: 429 Client Error: Too Many Requests for url: https://go.getblock.io/17515cb3ec0e43b7817f182e5de6066a/status
2025-08-06 17:44:53,476 WARNING cometbft_height_exporter Failed to fetch status from https://rpc.lavenderfive.com:443/cosmoshub/status: 429 Client Error: Too Many Requests for url: https://rpc.lavenderfive.com:443/cosmoshub/status
2025-08-06 17:44:55,040 WARNING cometbft_height_exporter Failed to fetch status from https://rpc.lavenderfive.com:443/cosmoshub/status: 429 Client Error: Too Many Requests for url: https://rpc.lavenderfive.com:443/cosmoshub/status
2025-08-06 17:44:55,041 WARNING cometbft_height_exporter Pausing registry endpoint https://rpc.lavenderfive.com:443/cosmoshub for 3min due to rate limiting (429 errors). Stats: 429s=6, errors=0
2025-08-06 17:44:55,782 WARNING cometbft_height_exporter Failed to fetch status from https://rpc.lavenderfive.com:443/cosmoshub/status: 429 Client Error: Too Many Requests for url: https://rpc.lavenderfive.com:443/cosmoshub/status
2025-08-06 17:44:58,097 WARNING cometbft_height_exporter Failed to fetch status from https://rpc.lavenderfive.com:443/cosmoshub/status: 429 Client Error: Too Many Requests for url: https://rpc.lavenderfive.com:443/cosmoshub/status
2025-08-06 17:45:00,409 WARNING cometbft_height_exporter Failed to fetch status from https://rpc.lavenderfive.com:443/cosmoshub/status: 429 Client Error: Too Many Requests for url: https://rpc.lavenderfive.com:443/cosmoshub/status
2025-08-06 17:45:02,751 WARNING cometbft_height_exporter Failed to fetch status from https://rpc.lavenderfive.com:443/cosmoshub/status: 429 Client Error: Too Many Requests for url: https://rpc.lavenderfive.com:443/cosmoshub/status
2025-08-06 17:45:02,752 WARNING cometbft_height_exporter Pausing manual endpoint https://rpc.lavenderfive.com:443/cosmoshub for 5min due to rate limiting (429 errors). Stats: 429s=20, errors=0
2025-08-06 17:45:03,888 WARNING cometbft_height_exporter Failed to fetch status from https://go.getblock.io/17515cb3ec0e43b7817f182e5de6066a/status: 429 Client Error: Too Many Requests for url: https://go.getblock.io/17515cb3ec0e43b7817f182e5de6066a/status
2025-08-06 17:45:03,889 WARNING cometbft_height_exporter Failed to poll https://go.getblock.io/17515cb3ec0e43b7817f182e5de6066a: 429 Client Error: Too Many Requests for url: https://go.getblock.io/17515cb3ec0e43b7817f182e5de6066a/status
2025-08-06 17:45:14,739 WARNING cometbft_height_exporter Failed to fetch status from https://go.getblock.io/17515cb3ec0e43b7817f182e5de6066a/status: 429 Client Error: Too Many Requests for url: https://go.getblock.io/17515cb3ec0e43b7817f182e5de6066a/status
2025-08-06 17:45:14,740 WARNING cometbft_height_exporter Failed to poll https://go.getblock.io/17515cb3ec0e43b7817f182e5de6066a: 429 Client Error: Too Many Requests for url: https://go.getblock.io/17515cb3ec0e43b7817f182e5de6066a/status
2025-08-06 17:45:25,591 WARNING cometbft_height_exporter Failed to fetch status from https://go.getblock.io/17515cb3ec0e43b7817f182e5de6066a/status: 429 Client Error: Too Many Requests for url: https://go.getblock.io/17515cb3ec0e43b7817f182e5de6066a/status
2025-08-06 17:45:25,592 WARNING cometbft_height_exporter Failed to poll https://go.getblock.io/17515cb3ec0e43b7817f182e5de6066a: 429 Client Error: Too Many Requests for url: https://go.getblock.io/17515cb3ec0e43b7817f182e5de6066a/status
2025-08-06 17:45:30,980 WARNING cometbft_height_exporter Failed to fetch status from https://go.getblock.io/17515cb3ec0e43b7817f182e5de6066a/status: 429 Client Error: Too Many Requests for url: https://go.getblock.io/17515cb3ec0e43b7817f182e5de6066a/status
2025-08-06 17:45:30,981 WARNING cometbft_height_exporter Failed to poll https://go.getblock.io/17515cb3ec0e43b7817f182e5de6066a: 429 Client Error: Too Many Requests for url: https://go.getblock.io/17515cb3ec0e43b7817f182e5de6066a/status
2025-08-06 17:45:42,833 WARNING cometbft_height_exporter Failed to fetch status from https://go.getblock.io/17515cb3ec0e43b7817f182e5de6066a/status: 429 Client Error: Too Many Requests for url: https://go.getblock.io/17515cb3ec0e43b7817f182e5de6066a/status
2025-08-06 17:45:42,833 WARNING cometbft_height_exporter Failed to poll https://go.getblock.io/17515cb3ec0e43b7817f182e5de6066a: 429 Client Error: Too Many Requests for url: https://go.getblock.io/17515cb3ec0e43b7817f182e5de6066a/status
2025-08-06 17:45:53,809 WARNING cometbft_height_exporter Failed to fetch status from https://go.getblock.io/17515cb3ec0e43b7817f182e5de6066a/status: 429 Client Error: Too Many Requests for url: https://go.getblock.io/17515cb3ec0e43b7817f182e5de6066a/status
2025-08-06 17:45:53,809 WARNING cometbft_height_exporter Failed to poll https://go.getblock.io/17515cb3ec0e43b7817f182e5de6066a: 429 Client Error: Too Many Requests for url: https://go.getblock.io/17515cb3ec0e43b7817f182e5de6066a/status
2025-08-06 17:46:15,467 WARNING cometbft_height_exporter Failed to fetch status from https://go.getblock.io/17515cb3ec0e43b7817f182e5de6066a/status: 429 Client Error: Too Many Requests for url: https://go.getblock.io/17515cb3ec0e43b7817f182e5de6066a/status
2025-08-06 17:46:15,468 WARNING cometbft_height_exporter Failed to poll https://go.getblock.io/17515cb3ec0e43b7817f182e5de6066a: 429 Client Error: Too Many Requests for url: https://go.getblock.io/17515cb3ec0e43b7817f182e5de6066a/status
2025-08-06 17:46:21,068 WARNING cometbft_height_exporter Failed to fetch status from https://go.getblock.io/17515cb3ec0e43b7817f182e5de6066a/status: 429 Client Error: Too Many Requests for url: https://go.getblock.io/17515cb3ec0e43b7817f182e5de6066a/status
2025-08-06 17:46:21,069 WARNING cometbft_height_exporter Failed to poll https://go.getblock.io/17515cb3ec0e43b7817f182e5de6066a: 429 Client Error: Too Many Requests for url: https://go.getblock.io/17515cb3ec0e43b7817f182e5de6066a/status
2025-08-06 17:46:26,533 WARNING cometbft_height_exporter Failed to fetch status from https://go.getblock.io/17515cb3ec0e43b7817f182e5de6066a/status: 429 Client Error: Too Many Requests for url: https://go.getblock.io/17515cb3ec0e43b7817f182e5de6066a/status
2025-08-06 17:46:26,534 WARNING cometbft_height_exporter Pausing registry endpoint https://go.getblock.io/17515cb3ec0e43b7817f182e5de6066a for 3min due to rate limiting (429 errors). Stats: 429s=19, errors=0
2025-08-06 17:47:24,136 INFO cometbft_height_exporter Chain cosmoshub-4 status: Manual(2 healthy, 1 paused), Registry(3 healthy, 2 paused)
